0 info it worked if it ends with ok
1 verbose cli [ '/usr/local/Cellar/node/7.5.0/bin/node',
1 verbose cli   '/usr/local/bin/npm',
1 verbose cli   'i',
1 verbose cli   '--save',
1 verbose cli   'dev',
1 verbose cli   'transform-regenerator' ]
2 info using npm@4.1.2
3 info using node@v7.5.0
4 silly loadCurrentTree Starting
5 silly install loadCurrentTree
6 silly install readLocalPackageData
7 silly fetchPackageMetaData dev
8 silly fetchPackageMetaData transform-regenerator
9 silly fetchNamedPackageData dev
10 silly mapToRegistry name dev
11 silly mapToRegistry using default registry
12 silly mapToRegistry registry https://registry.npmjs.org/
13 silly mapToRegistry data Result {
13 silly mapToRegistry   raw: 'dev',
13 silly mapToRegistry   scope: null,
13 silly mapToRegistry   escapedName: 'dev',
13 silly mapToRegistry   name: 'dev',
13 silly mapToRegistry   rawSpec: '',
13 silly mapToRegistry   spec: 'latest',
13 silly mapToRegistry   type: 'tag' }
14 silly mapToRegistry uri https://registry.npmjs.org/dev
15 silly fetchNamedPackageData transform-regenerator
16 silly mapToRegistry name transform-regenerator
17 silly mapToRegistry using default registry
18 silly mapToRegistry registry https://registry.npmjs.org/
19 silly mapToRegistry data Result {
19 silly mapToRegistry   raw: 'transform-regenerator',
19 silly mapToRegistry   scope: null,
19 silly mapToRegistry   escapedName: 'transform-regenerator',
19 silly mapToRegistry   name: 'transform-regenerator',
19 silly mapToRegistry   rawSpec: '',
19 silly mapToRegistry   spec: 'latest',
19 silly mapToRegistry   type: 'tag' }
20 silly mapToRegistry uri https://registry.npmjs.org/transform-regenerator
21 verbose request uri https://registry.npmjs.org/transform-regenerator
22 verbose request no auth needed
23 info attempt registry request try #1 at 10:42:38 AM
24 verbose request using bearer token for auth
25 verbose request id 30a58099452ac655
26 http request GET https://registry.npmjs.org/transform-regenerator
27 verbose get https://registry.npmjs.org/dev not expired, no request
28 http 404 https://registry.npmjs.org/transform-regenerator
29 verbose headers { 'content-type': 'application/json',
29 verbose headers   'cache-control': 'max-age=0',
29 verbose headers   'content-length': '2',
29 verbose headers   'accept-ranges': 'bytes',
29 verbose headers   date: 'Wed, 03 May 2017 14:42:39 GMT',
29 verbose headers   via: '1.1 varnish',
29 verbose headers   connection: 'keep-alive',
29 verbose headers   'x-served-by': 'cache-ord1740-ORD',
29 verbose headers   'x-cache': 'MISS',
29 verbose headers   'x-cache-hits': '0',
29 verbose headers   'x-timer': 'S1493822559.742696,VS0,VE302',
29 verbose headers   vary: 'Accept-Encoding' }
30 silly get cb [ 404,
30 silly get   { 'content-type': 'application/json',
30 silly get     'cache-control': 'max-age=0',
30 silly get     'content-length': '2',
30 silly get     'accept-ranges': 'bytes',
30 silly get     date: 'Wed, 03 May 2017 14:42:39 GMT',
30 silly get     via: '1.1 varnish',
30 silly get     connection: 'keep-alive',
30 silly get     'x-served-by': 'cache-ord1740-ORD',
30 silly get     'x-cache': 'MISS',
30 silly get     'x-cache-hits': '0',
30 silly get     'x-timer': 'S1493822559.742696,VS0,VE302',
30 silly get     vary: 'Accept-Encoding' } ]
31 silly fetchPackageMetaData Error: Registry returned 404 for GET on https://registry.npmjs.org/transform-regenerator
31 silly fetchPackageMetaData     at makeError (/usr/local/lib/node_modules/npm/node_modules/npm-registry-client/lib/request.js:304:12)
31 silly fetchPackageMetaData     at CachingRegistryClient.<anonymous> (/usr/local/lib/node_modules/npm/node_modules/npm-registry-client/lib/request.js:282:14)
31 silly fetchPackageMetaData     at Request._callback (/usr/local/lib/node_modules/npm/node_modules/npm-registry-client/lib/request.js:212:14)
31 silly fetchPackageMetaData     at Request.self.callback (/usr/local/lib/node_modules/npm/node_modules/request/request.js:186:22)
31 silly fetchPackageMetaData     at emitTwo (events.js:106:13)
31 silly fetchPackageMetaData     at Request.emit (events.js:192:7)
31 silly fetchPackageMetaData     at Request.<anonymous> (/usr/local/lib/node_modules/npm/node_modules/request/request.js:1081:10)
31 silly fetchPackageMetaData     at emitOne (events.js:96:13)
31 silly fetchPackageMetaData     at Request.emit (events.js:189:7)
31 silly fetchPackageMetaData     at IncomingMessage.<anonymous> (/usr/local/lib/node_modules/npm/node_modules/request/request.js:1001:12)
31 silly fetchPackageMetaData  error for transform-regenerator { Error: Registry returned 404 for GET on https://registry.npmjs.org/transform-regenerator
31 silly fetchPackageMetaData     at makeError (/usr/local/lib/node_modules/npm/node_modules/npm-registry-client/lib/request.js:304:12)
31 silly fetchPackageMetaData     at CachingRegistryClient.<anonymous> (/usr/local/lib/node_modules/npm/node_modules/npm-registry-client/lib/request.js:282:14)
31 silly fetchPackageMetaData     at Request._callback (/usr/local/lib/node_modules/npm/node_modules/npm-registry-client/lib/request.js:212:14)
31 silly fetchPackageMetaData     at Request.self.callback (/usr/local/lib/node_modules/npm/node_modules/request/request.js:186:22)
31 silly fetchPackageMetaData     at emitTwo (events.js:106:13)
31 silly fetchPackageMetaData     at Request.emit (events.js:192:7)
31 silly fetchPackageMetaData     at Request.<anonymous> (/usr/local/lib/node_modules/npm/node_modules/request/request.js:1081:10)
31 silly fetchPackageMetaData     at emitOne (events.js:96:13)
31 silly fetchPackageMetaData     at Request.emit (events.js:189:7)
31 silly fetchPackageMetaData     at IncomingMessage.<anonymous> (/usr/local/lib/node_modules/npm/node_modules/request/request.js:1001:12) pkgid: 'transform-regenerator', statusCode: 404, code: 'E404' }
32 silly rollbackFailedOptional Starting
33 silly rollbackFailedOptional Finishing
34 silly runTopLevelLifecycles Finishing
35 silly install printInstalled
36 verbose stack Error: Registry returned 404 for GET on https://registry.npmjs.org/transform-regenerator
36 verbose stack     at makeError (/usr/local/lib/node_modules/npm/node_modules/npm-registry-client/lib/request.js:304:12)
36 verbose stack     at CachingRegistryClient.<anonymous> (/usr/local/lib/node_modules/npm/node_modules/npm-registry-client/lib/request.js:282:14)
36 verbose stack     at Request._callback (/usr/local/lib/node_modules/npm/node_modules/npm-registry-client/lib/request.js:212:14)
36 verbose stack     at Request.self.callback (/usr/local/lib/node_modules/npm/node_modules/request/request.js:186:22)
36 verbose stack     at emitTwo (events.js:106:13)
36 verbose stack     at Request.emit (events.js:192:7)
36 verbose stack     at Request.<anonymous> (/usr/local/lib/node_modules/npm/node_modules/request/request.js:1081:10)
36 verbose stack     at emitOne (events.js:96:13)
36 verbose stack     at Request.emit (events.js:189:7)
36 verbose stack     at IncomingMessage.<anonymous> (/usr/local/lib/node_modules/npm/node_modules/request/request.js:1001:12)
37 verbose statusCode 404
38 verbose pkgid transform-regenerator
39 verbose cwd /Users/chriscaragianis/Code/dsa-site/server
40 error Darwin 15.6.0
41 error argv "/usr/local/Cellar/node/7.5.0/bin/node" "/usr/local/bin/npm" "i" "--save" "dev" "transform-regenerator"
42 error node v7.5.0
43 error npm  v4.1.2
44 error code E404
45 error 404 Registry returned 404 for GET on https://registry.npmjs.org/transform-regenerator
46 error 404
47 error 404 'transform-regenerator' is not in the npm registry.
48 error 404 You should bug the author to publish it (or use the name yourself!)
49 error 404 Note that you can also install from a
50 error 404 tarball, folder, http url, or git url.
51 verbose exit [ 1, true ]
